<?xml version="1.0" encoding="utf-8"?><testsuites name="pytest tests"><testsuite name="pytest" errors="0" failures="0" skipped="0" tests="27" time="11.124" timestamp="2026-03-13T13:06:18.897820+00:00" hostname="agent-env-dbcee7c5-d098-454d-85b6-d18181be5498"><testcase classname="backend.tests.test_p2p_crypto.TestHealthCheck" name="test_health_endpoint" time="0.255" /><testcase classname="backend.tests.test_p2p_crypto.TestAuthentication" name="test_admin_login_success" time="0.344" /><testcase classname="backend.tests.test_p2p_crypto.TestAuthentication" name="test_admin_login_wrong_password" time="0.340" /><testcase classname="backend.tests.test_p2p_crypto.TestAuthentication" name="test_user_registration" time="0.354" /><testcase classname="backend.tests.test_p2p_crypto.TestAuthentication" name="test_user_login_success" time="0.344" /><testcase classname="backend.tests.test_p2p_crypto.TestAuthentication" name="test_get_me_without_auth" time="0.103" /><testcase classname="backend.tests.test_p2p_crypto.TestCryptoRates" name="test_get_rates" time="0.108" /><testcase classname="backend.tests.test_p2p_crypto.TestMarkets" name="test_get_markets" time="0.228" /><testcase classname="backend.tests.test_p2p_crypto.TestAuthenticatedUserEndpoints" name="test_get_user_profile" time="0.397" /><testcase classname="backend.tests.test_p2p_crypto.TestAuthenticatedUserEndpoints" name="test_get_user_stats" time="0.390" /><testcase classname="backend.tests.test_p2p_crypto.TestAuthenticatedUserEndpoints" name="test_get_payment_methods" time="0.405" /><testcase classname="backend.tests.test_p2p_crypto.TestAuthenticatedUserEndpoints" name="test_create_and_delete_payment_method" time="0.554" /><testcase classname="backend.tests.test_p2p_crypto.TestAuthenticatedUserEndpoints" name="test_get_user_trades" time="0.373" /><testcase classname="backend.tests.test_p2p_crypto.TestPasswordChange" name="test_change_password_with_wrong_current" time="0.609" /><testcase classname="backend.tests.test_p2p_crypto.TestPasswordChange" name="test_change_password_short_new_password" time="0.623" /><testcase classname="backend.tests.test_p2p_crypto.TestSupportTickets" name="test_get_support_tickets" time="0.408" /><testcase classname="backend.tests.test_p2p_crypto.TestSupportTickets" name="test_create_support_ticket" time="0.374" /><testcase classname="backend.tests.test_p2p_crypto.TestAdminEndpoints" name="test_admin_get_stats" time="0.405" /><testcase classname="backend.tests.test_p2p_crypto.TestAdminEndpoints" name="test_admin_get_users" time="0.409" /><testcase classname="backend.tests.test_p2p_crypto.TestAdminEndpoints" name="test_admin_get_trades" time="0.430" /><testcase classname="backend.tests.test_p2p_crypto.TestAdminEndpoints" name="test_admin_get_trades_filtered" time="0.484" /><testcase classname="backend.tests.test_p2p_crypto.TestAdminEndpoints" name="test_admin_get_support_tickets" time="0.418" /><testcase classname="backend.tests.test_p2p_crypto.TestTradeCreation" name="test_create_buy_trade" time="0.440" /><testcase classname="backend.tests.test_p2p_crypto.TestTradeCreation" name="test_create_sell_trade_without_bank" time="0.402" /><testcase classname="backend.tests.test_p2p_crypto.TestTradeCreation" name="test_create_sell_trade_with_bank" time="0.574" /><testcase classname="backend.tests.test_p2p_crypto.TestTradeCreation" name="test_create_buy_trade_without_wallet" time="0.439" /><testcase classname="backend.tests.test_p2p_crypto.TestAdminTradeActions" name="test_admin_approve_trade" time="0.819" /></testsuite></testsuites>